<?xml version="1.0" encoding="UTF-8"?>
<testng-results ignored="0" total="1" passed="1" failed="0" skipped="0">
  <reporter-output>
  </reporter-output>
  <suite started-at="2024-11-30T11:28:00 IST" name="Default suite" finished-at="2024-11-30T11:28:14 IST" duration-ms="13954">
    <groups>
    </groups>
    <test started-at="2024-11-30T11:28:00 IST" name="Default test" finished-at="2024-11-30T11:28:14 IST" duration-ms="13954">
      <class name="com.Framework.Automation_Framework.BasicOrangeHrm">
        <test-method is-config="true" signature="startReport()[pri:0, instance:com.Framework.Automation_Framework.BasicOrangeHrm@2e2ff723]" started-at="2024-11-30T11:28:00 IST" name="startReport" finished-at="2024-11-30T11:28:00 IST" duration-ms="174" status="PASS">
          <reporter-output>
          </reporter-output>
        </test-method> <!-- startReport -->
        <test-method is-config="true" signature="setValue()[pri:0, instance:com.Framework.Automation_Framework.BasicOrangeHrm@2e2ff723]" started-at="2024-11-30T11:28:00 IST" name="setValue" finished-at="2024-11-30T11:28:00 IST" duration-ms="0" status="PASS">
          <reporter-output>
          </reporter-output>
        </test-method> <!-- setValue -->
        <test-method is-config="true" signature="testDetails()[pri:0, instance:com.Framework.Automation_Framework.BasicOrangeHrm@2e2ff723]" started-at="2024-11-30T11:28:00 IST" name="testDetails" finished-at="2024-11-30T11:28:00 IST" duration-ms="6" status="PASS">
          <reporter-output>
          </reporter-output>
        </test-method> <!-- testDetails -->
        <test-method is-config="true" signature="webdriverCreation()[pri:0, instance:com.Framework.Automation_Framework.BasicOrangeHrm@2e2ff723]" started-at="2024-11-30T11:28:01 IST" name="webdriverCreation" finished-at="2024-11-30T11:28:09 IST" duration-ms="8451" status="PASS">
          <reporter-output>
          </reporter-output>
        </test-method> <!-- webdriverCreation -->
        <test-method signature="LoginOrangeHrm(java.lang.String,java.lang.String,java.lang.String)[pri:0, instance:com.Framework.Automation_Framework.BasicOrangeHrm@2e2ff723]" started-at="2024-11-30T11:28:09 IST" name="LoginOrangeHrm" data-provider="fetchData" finished-at="2024-11-30T11:28:14 IST" duration-ms="4680" status="PASS">
          <params>
            <param index="0">
              <value>
                <![CDATA[Admin]]>
              </value>
            </param>
            <param index="1">
              <value>
                <![CDATA[admin123]]>
              </value>
            </param>
            <param index="2">
              <value>
                <![CDATA[OrangeHRM]]>
              </value>
            </param>
          </params>
          <reporter-output>
          </reporter-output>
        </test-method> <!-- LoginOrangeHrm -->
        <test-method is-config="true" signature="quit()[pri:0, instance:com.Framework.Automation_Framework.BasicOrangeHrm@2e2ff723]" started-at="2024-11-30T11:28:14 IST" name="quit" finished-at="2024-11-30T11:28:14 IST" duration-ms="177" status="PASS">
          <reporter-output>
          </reporter-output>
        </test-method> <!-- quit -->
        <test-method is-config="true" signature="teardown()[pri:0, instance:com.Framework.Automation_Framework.BasicOrangeHrm@2e2ff723]" started-at="2024-11-30T11:28:14 IST" name="teardown" finished-at="2024-11-30T11:28:14 IST" duration-ms="203" status="PASS">
          <reporter-output>
          </reporter-output>
        </test-method> <!-- teardown -->
      </class> <!-- com.Framework.Automation_Framework.BasicOrangeHrm -->
    </test> <!-- Default test -->
  </suite> <!-- Default suite -->
</testng-results>
