<?xml version="1.0" encoding="UTF-8"?>
<testng-results ignored="0" total="2" passed="2" failed="0" skipped="0">
  <reporter-output>
  </reporter-output>
  <suite started-at="2024-11-15T21:33:22 IST" name="Suite" finished-at="2024-11-15T21:34:01 IST" duration-ms="38937">
    <groups>
    </groups>
    <test started-at="2024-11-15T21:33:22 IST" name="Test" finished-at="2024-11-15T21:34:01 IST" duration-ms="38937">
      <class name="com.Framework.Automation_Framework.AdminTest">
        <test-method is-config="true" signature="webdriverCreation()[pri:0, instance:com.Framework.Automation_Framework.AdminTest@6e171cd7]" started-at="2024-11-15T21:33:22 IST" name="webdriverCreation" finished-at="2024-11-15T21:33:27 IST" duration-ms="4832" status="PASS">
          <reporter-output>
          </reporter-output>
        </test-method> <!-- webdriverCreation -->
        <test-method signature="AdminVerification()[pri:0, instance:com.Framework.Automation_Framework.AdminTest@6e171cd7]" started-at="2024-11-15T21:33:27 IST" name="AdminVerification" finished-at="2024-11-15T21:34:01 IST" duration-ms="33944" status="PASS">
          <reporter-output>
          </reporter-output>
        </test-method> <!-- AdminVerification -->
        <test-method is-config="true" signature="quit()[pri:0, instance:com.Framework.Automation_Framework.AdminTest@6e171cd7]" started-at="2024-11-15T21:34:01 IST" name="quit" finished-at="2024-11-15T21:34:01 IST" duration-ms="138" status="PASS">
          <reporter-output>
          </reporter-output>
        </test-method> <!-- quit -->
      </class> <!-- com.Framework.Automation_Framework.AdminTest -->
      <class name="com.Framework.Automation_Framework.BasicOrangeHrm">
        <test-method is-config="true" signature="webdriverCreation()[pri:0, instance:com.Framework.Automation_Framework.BasicOrangeHrm@498d318c]" started-at="2024-11-15T21:33:22 IST" name="webdriverCreation" finished-at="2024-11-15T21:33:28 IST" duration-ms="5175" status="PASS">
          <reporter-output>
          </reporter-output>
        </test-method> <!-- webdriverCreation -->
        <test-method signature="LoginOrangeHrm()[pri:0, instance:com.Framework.Automation_Framework.BasicOrangeHrm@498d318c]" started-at="2024-11-15T21:33:28 IST" name="LoginOrangeHrm" finished-at="2024-11-15T21:33:32 IST" duration-ms="4029" status="PASS">
          <reporter-output>
          </reporter-output>
        </test-method> <!-- LoginOrangeHrm -->
        <test-method is-config="true" signature="quit()[pri:0, instance:com.Framework.Automation_Framework.BasicOrangeHrm@498d318c]" started-at="2024-11-15T21:33:32 IST" name="quit" finished-at="2024-11-15T21:33:32 IST" duration-ms="139" status="PASS">
          <reporter-output>
          </reporter-output>
        </test-method> <!-- quit -->
      </class> <!-- com.Framework.Automation_Framework.BasicOrangeHrm -->
    </test> <!-- Test -->
  </suite> <!-- Suite -->
</testng-results>
