<?xml version="1.0" encoding="UTF-8"?>
<!-- Generated by org.testng.reporters.JUnitXMLReporter -->
<testsuite ignored="2" hostname="DESKTOP-UHTHN37" failures="0" tests="2" name="Test" time="35.601" errors="0" timestamp="2024-11-23T22:31:48 IST">
  <testcase classname="com.Framework.Automation_Framework.BasicOrangeHrm" name="LoginOrangeHrm" time="3.465"/>
  <testcase classname="com.Framework.Automation_Framework.AdminTest" name="AdminVerification" time="23.599"/>
  <testcase classname="com.Framework.Automation_Framework.Basepage" name="@AfterSuite teardown" time="0.0">
    <ignored/>
  </testcase> <!-- @AfterSuite teardown -->
  <testcase classname="com.Framework.Automation_Framework.Basepage" name="@BeforeSuite startReport" time="0.0">
    <ignored/>
  </testcase> <!-- @BeforeSuite startReport -->
</testsuite> <!-- Test -->
